2018-07-22 01:21:42,938 Signing request <PreparedRequest [POST]> using client <Client client_key=SdxSWBHuuuQKtjSSsPhQZOSif, client_secret=****, resource_owner_key=743789677715460096-6bhvelwPZlPSZVjcRVDMkIWkL1ZWanN, resource_owner_secret=****, signature_method=HMAC-SHA1, signature_type=AUTH_HEADER, callback_uri=None, rsa_key=None, verifier=None, realm=None, encoding=utf-8, decoding=None, nonce=None, timestamp=None>
2018-07-22 01:21:42,938 Including body in call to sign: True
2018-07-22 01:21:42,938 Collected params: [('delimited', 'length'), ('oauth_nonce', '5288057440357265961532202702'), ('oauth_timestamp', '1532202702'), ('oauth_version', '1.0'), ('oauth_signature_method', 'HMAC-SHA1'), ('oauth_consumer_key', 'SdxSWBHuuuQKtjSSsPhQZOSif'), ('oauth_token', '743789677715460096-6bhvelwPZlPSZVjcRVDMkIWkL1ZWanN'), ('track', 'Google,Facebook,Apple,Amazon,Linked,Microsoft,Bloomberg,Tweet,Tesla'), ('language', 'en')]
2018-07-22 01:21:42,938 Normalized params: delimited=length&language=en&oauth_consumer_key=SdxSWBHuuuQKtjSSsPhQZOSif&oauth_nonce=5288057440357265961532202702&oauth_signature_method=HMAC-SHA1&oauth_timestamp=1532202702&oauth_token=743789677715460096-6bhvelwPZlPSZVjcRVDMkIWkL1ZWanN&oauth_version=1.0&track=Google%2CFacebook%2CApple%2CAmazon%2CLinked%2CMicrosoft%2CBloomberg%2CTweet%2CTesla
2018-07-22 01:21:42,938 Normalized URI: https://stream.twitter.com/1.1/statuses/filter.json
2018-07-22 01:21:42,954 Signing: signature base string: POST&https%3A%2F%2Fstream.twitter.com%2F1.1%2Fstatuses%2Ffilter.json&delimited%3Dlength%26language%3Den%26oauth_consumer_key%3DSdxSWBHuuuQKtjSSsPhQZOSif%26oauth_nonce%3D5288057440357265961532202702%26oauth_signature_method%3DHMAC-SHA1%26oauth_timestamp%3D1532202702%26oauth_token%3D743789677715460096-6bhvelwPZlPSZVjcRVDMkIWkL1ZWanN%26oauth_version%3D1.0%26track%3DGoogle%252CFacebook%252CApple%252CAmazon%252CLinked%252CMicrosoft%252CBloomberg%252CTweet%252CTesla
2018-07-22 01:21:42,954 Signature: zcF1xpNuQDJh1s6ninxqMVy/qzI=
2018-07-22 01:21:42,954 Updated url: https://stream.twitter.com/1.1/statuses/filter.json?delimited=length
2018-07-22 01:21:42,954 Updated headers: {'Content-Type': 'application/x-www-form-urlencoded', 'Content-Length': '101', 'Authorization': 'OAuth oauth_nonce="5288057440357265961532202702", oauth_timestamp="1532202702", oauth_version="1.0", oauth_signature_method="HMAC-SHA1", oauth_consumer_key="SdxSWBHuuuQKtjSSsPhQZOSif", oauth_token="743789677715460096-6bhvelwPZlPSZVjcRVDMkIWkL1ZWanN", oauth_signature="zcF1xpNuQDJh1s6ninxqMVy%2FqzI%3D"'}
2018-07-22 01:21:42,954 Updated body: 'track=Google%2CFacebook%2CApple%2CAmazon%2CLinked%2CMicrosoft%2CBloomberg%2CTweet%2CTesla&language=en'
2018-07-22 01:21:42,954 Starting new HTTPS connection (1): stream.twitter.com:443
2018-07-22 01:21:44,887 https://stream.twitter.com:443 "POST /1.1/statuses/filter.json?delimited=length HTTP/1.1" 200 None
2018-07-22 01:21:58,844 Starting new HTTPS connection (1): search-ticker-sentiment-ohr4wryq6vcybcoqvqumx5bezm.us-east-2.es.amazonaws.com:443
2018-07-22 01:22:00,195 https://search-ticker-sentiment-ohr4wryq6vcybcoqvqumx5bezm.us-east-2.es.amazonaws.com:443 "PUT /tweet/twitter/_bulk HTTP/1.1" 406 55
2018-07-22 01:22:23,818 Starting new HTTPS connection (1): search-ticker-sentiment-ohr4wryq6vcybcoqvqumx5bezm.us-east-2.es.amazonaws.com:443
2018-07-22 01:22:25,309 https://search-ticker-sentiment-ohr4wryq6vcybcoqvqumx5bezm.us-east-2.es.amazonaws.com:443 "PUT /tweet/twitter/_bulk HTTP/1.1" 406 55
2018-07-22 01:22:25,340 Starting new HTTPS connection (1): search-ticker-sentiment-ohr4wryq6vcybcoqvqumx5bezm.us-east-2.es.amazonaws.com:443
2018-07-22 01:22:27,024 https://search-ticker-sentiment-ohr4wryq6vcybcoqvqumx5bezm.us-east-2.es.amazonaws.com:443 "PUT /tweet/twitter/_bulk HTTP/1.1" 406 55
2018-07-22 01:22:27,040 Starting new HTTPS connection (1): search-ticker-sentiment-ohr4wryq6vcybcoqvqumx5bezm.us-east-2.es.amazonaws.com:443
2018-07-22 01:22:29,177 https://search-ticker-sentiment-ohr4wryq6vcybcoqvqumx5bezm.us-east-2.es.amazonaws.com:443 "PUT /tweet/twitter/_bulk HTTP/1.1" 406 55
2018-07-22 01:22:29,224 Starting new HTTPS connection (1): search-ticker-sentiment-ohr4wryq6vcybcoqvqumx5bezm.us-east-2.es.amazonaws.com:443
2018-07-22 01:22:31,629 https://search-ticker-sentiment-ohr4wryq6vcybcoqvqumx5bezm.us-east-2.es.amazonaws.com:443 "PUT /tweet/twitter/_bulk HTTP/1.1" 406 55
2018-07-22 01:22:31,676 Starting new HTTPS connection (1): search-ticker-sentiment-ohr4wryq6vcybcoqvqumx5bezm.us-east-2.es.amazonaws.com:443
2018-07-22 01:22:33,280 https://search-ticker-sentiment-ohr4wryq6vcybcoqvqumx5bezm.us-east-2.es.amazonaws.com:443 "PUT /tweet/twitter/_bulk HTTP/1.1" 406 55
2018-07-22 01:22:33,312 Starting new HTTPS connection (1): search-ticker-sentiment-ohr4wryq6vcybcoqvqumx5bezm.us-east-2.es.amazonaws.com:443
2018-07-22 01:22:34,817 https://search-ticker-sentiment-ohr4wryq6vcybcoqvqumx5bezm.us-east-2.es.amazonaws.com:443 "PUT /tweet/twitter/_bulk HTTP/1.1" 406 55
2018-07-22 01:22:34,848 Starting new HTTPS connection (1): search-ticker-sentiment-ohr4wryq6vcybcoqvqumx5bezm.us-east-2.es.amazonaws.com:443
